<?xml version="1.0" encoding="UTF-8"?>
<testsuite xmlns:xsi="http://www.w3.org/2001/XMLSchema-instance" xsi:noNamespaceSchemaLocation="https://maven.apache.org/surefire/maven-surefire-plugin/xsd/surefire-test-report.xsd" name="testing.CalculatorTest" time="0.758" tests="18" errors="0" skipped="0" failures="0">
  <properties>
[...]
</properties>
  <testcase name="multiply_shouldReturnZero{int}[1]" classname="testing.CalculatorTest" time="0.285"/>
  <testcase name="multiply_shouldReturnZero{int}[2]" classname="testing.CalculatorTest" time="0.009"/>
  <testcase name="multiply_shouldReturnZero{int}[3]" classname="testing.CalculatorTest" time="0.008"/>
  <testcase name="multiply_shouldReturnZero{int}[4]" classname="testing.CalculatorTest" time="0.008"/>
  <testcase name="should_return_lenghtOfString" classname="testing.CalculatorTest" time="0.011"/>
  <testcase name="multiply_shouldReturn_twoNumbersMultiplied" classname="testing.CalculatorTest" time="0.009"/>
  <testcase name="should_return_additionTwoDecimals" classname="testing.CalculatorTest" time="0.008"/>
  <testcase name="should_return_additionOfTwoNumbers{int, int, int}[1]" classname="testing.CalculatorTest" time="0.009"/>
  <testcase name="should_return_additionOfTwoNumbers{int, int, int}[2]" classname="testing.CalculatorTest" time="0.008"/>
  <testcase name="should_return_additionOfTwoNumbers{int, int, int}[3]" classname="testing.CalculatorTest" time="0.01"/>
  <testcase name="testAddTwoPositivesNumbers" classname="testing.CalculatorTest" time="0.007"/>
  <testcase name="should_always_return_five{String}[1]" classname="testing.CalculatorTest" time="0.012"/>
  <testcase name="should_always_return_five{String}[2]" classname="testing.CalculatorTest" time="0.009"/>
  <testcase name="should_always_return_five{String}[3]" classname="testing.CalculatorTest" time="0.006"/>
  <testcase name="should_always_return_five{String}[4]" classname="testing.CalculatorTest" time="0.006"/>
  <testcase name="should_always_return_five{String}[5]" classname="testing.CalculatorTest" time="0.006"/>
  <testcase name="should_always_return_five{String}[6]" classname="testing.CalculatorTest" time="0.006"/>
  <testcase name="should_make_twoSeconds" classname="testing.CalculatorTest" time="0.181"/>
</testsuite>